<?xml version="1.0" encoding="UTF-8"?>
<testng-results ignored="0" total="1" passed="1" failed="0" skipped="0">
  <reporter-output>
  </reporter-output>
  <suite started-at="2024-03-30T13:07:32 IST" name="testes" finished-at="2024-03-30T13:07:43 IST" duration-ms="11367">
    <groups>
    </groups>
    <test started-at="2024-03-30T13:07:32 IST" name="testcase1" finished-at="2024-03-30T13:07:43 IST" duration-ms="11367">
      <class name="Amazon.com.tests.LoginTest">
        <test-method is-config="true" signature="launchbrowser()[pri:0, instance:Amazon.com.tests.LoginTest@131ef10]" started-at="2024-03-30T13:07:32 IST" name="launchbrowser" finished-at="2024-03-30T13:07:39 IST" duration-ms="7124" status="PASS">
          <reporter-output>
          </reporter-output>
        </test-method> <!-- launchbrowser -->
        <test-method signature="verifyLogin()[pri:0, instance:Amazon.com.tests.LoginTest@131ef10]" started-at="2024-03-30T13:07:39 IST" name="verifyLogin" finished-at="2024-03-30T13:07:43 IST" duration-ms="4145" status="PASS">
          <reporter-output>
          </reporter-output>
        </test-method> <!-- verifyLogin -->
        <test-method is-config="true" signature="terminateSession(org.testng.ITestResult)[pri:0, instance:Amazon.com.tests.LoginTest@131ef10]" started-at="2024-03-30T13:07:43 IST" name="terminateSession" finished-at="2024-03-30T13:07:43 IST" duration-ms="14" status="PASS">
          <params>
            <param index="0">
              <value>
                <![CDATA[[TestResult name=verifyLogin status=SUCCESS method=LoginTest.verifyLogin()[pri:0, instance:Amazon.com.tests.LoginTest@131ef10] output={null}]]]>
              </value>
            </param>
          </params>
          <reporter-output>
          </reporter-output>
        </test-method> <!-- terminateSession -->
      </class> <!-- Amazon.com.tests.LoginTest -->
    </test> <!-- testcase1 -->
  </suite> <!-- testes -->
</testng-results>
